<?xml version="1.0" encoding="UTF-8"?>
<!-- Generated by org.testng.reporters.JUnitReportReporter -->
<testsuite hostname="Kuldeeps-MacBook-Air.local" failures="0" tests="1" name="tests.TestUserDetails" time="5.963" errors="0" timestamp="27 Nov 2020 08:47:06 GMT">
  <testcase classname="tests.TestUserDetails" name="validate_APOD_API_is_Returning_Valid_Response" time="5.963"/>
</testsuite> <!-- tests.TestUserDetails -->
